<?xml version="1.0" encoding="UTF-8"?>
<!-- Generated by org.testng.reporters.JUnitReportReporter -->
<testsuite hostname="LAPTOP-JSIP8HGM" failures="0" tests="1" name="runner.RunTest" time="7.687" errors="0" timestamp="2022-07-07T19:16:42 IST" skipped="0">
  <testcase classname="runner.RunTest" name="runScenario" time="7.687"/>
  <system-out/>
</testsuite> <!-- runner.RunTest -->
